
Showing logs for build [32mcb-kubecd-environment-pr-205-69-zhpqn-1[0m stage [32mfrom-build-pack[0m and container [32mstep-credential-initializer-6rj5d[0m
{"level":"info","ts":1587302747.5619104,"logger":"fallback-logger","caller":"logging/config.go:69","msg":"Fetch GitHub commit ID from kodata failed: open /var/run/ko/refs/heads/0.8.0-ns-support: no such file or directory"}
{"level":"info","ts":1587302747.562757,"logger":"fallback-logger","caller":"creds-init/main.go:40","msg":"Credentials initialized."}

Showing logs for build [32mcb-kubecd-environment-pr-205-69-zhpqn-1[0m stage [32mfrom-build-pack[0m and container [32mstep-working-dir-initializer-m58fl[0m
{"level":"info","ts":1587302749.5189664,"logger":"fallback-logger","caller":"logging/config.go:69","msg":"Fetch GitHub commit ID from kodata failed: open /var/run/ko/HEAD: no such file or directory"}
{"level":"info","ts":1587302749.5668163,"logger":"fallback-logger","caller":"bash/main.go:64","msg":"Successfully executed command \"sh -c mkdir -p /workspace/source\"; output "}

Showing logs for build [32mcb-kubecd-environment-pr-205-69-zhpqn-1[0m stage [32mfrom-build-pack[0m and container [32mstep-place-tools[0m

Showing logs for build [32mcb-kubecd-environment-pr-205-69-zhpqn-1[0m stage [32mfrom-build-pack[0m and container [32mstep-git-source-cb-kubecd-environment-pr-205-69-zhpqn-2zqkt[0m
{"level":"info","ts":1587302757.5716417,"logger":"fallback-logger","caller":"logging/config.go:69","msg":"Fetch GitHub commit ID from kodata failed: open /var/run/ko/refs/heads/0.8.0-ns-support: no such file or directory"}
{"level":"info","ts":1587302759.0320685,"logger":"fallback-logger","caller":"git/git.go:103","msg":"Successfully cloned https://github.com/cb-kubecd/environment-pr-205-69-boot-gke-staging.git @ master in path /workspace/source"}

Showing logs for build [32mcb-kubecd-environment-pr-205-69-zhpqn-1[0m stage [32mfrom-build-pack[0m and container [32mstep-git-merge[0m
Using SHAs from PULL_REFS=master:4a30c36ae56bec37936faa28419d124db76e50c4,5:7828362f4f8b1462e999bf1cfe0a269ccb6bf8f3
DEBUG: LC_ALL=C JX_LOG_LEVEL=error git fetch origin --unshallow 7828362f4f8b1462e999bf1cfe0a269ccb6bf8f3: 4a30c36ae56bec37936faa28419d124db76e50c4:
DEBUG: ran git fetch --unshallow origin 7828362f4f8b1462e999bf1cfe0a269ccb6bf8f3: 4a30c36ae56bec37936faa28419d124db76e50c4: in 
DEBUG: LC_ALL=C JX_LOG_LEVEL=error git branch
DEBUG: LC_ALL=C JX_LOG_LEVEL=error git checkout master
DEBUG: ran git checkout master in 
DEBUG: JX_LOG_LEVEL=error LC_ALL=C git reset --hard 4a30c36ae56bec37936faa28419d124db76e50c4
DEBUG: ran git reset --hard 4a30c36ae56bec37936faa28419d124db76e50c4 in 
DEBUG: JX_LOG_LEVEL=error LC_ALL=C git clean -fd .
DEBUG: ran clean --force -d . in 
DEBUG: JX_LOG_LEVEL=error LC_ALL=C git merge 7828362f4f8b1462e999bf1cfe0a269ccb6bf8f3
DEBUG: ran git merge 7828362f4f8b1462e999bf1cfe0a269ccb6bf8f3 in 
DEBUG: LC_ALL=C JX_LOG_LEVEL=error git log --format=%H%x1f%an%x1f%ae%x1f%cn%x1f%ce%x1f%s%n%b%x1e 4a30c36ae56bec37936faa28419d124db76e50c4..HEAD
Merged SHA 7828362f4f8b1462e999bf1cfe0a269ccb6bf8f3 with commit message 'chore: Promote bdd-sbrp-import-1587302432 to version 0.0.2' into base branch master

Showing logs for build [32mcb-kubecd-environment-pr-205-69-zhpqn-1[0m stage [32mfrom-build-pack[0m and container [32mstep-build-helm-build[0m
WARNING: No $CHART_REPOSITORY defined so using the default value of: http://jenkins-x-chartmuseum:8080
Adding missing Helm repo: storage.googleapis.com https://storage.googleapis.com/chartmuseum.jenkins-x.io
WARNING: No secrets found on "helm/repos" due: reading the secret "helm/repos" from vault: no secret "helm/repos" not found in vault
Read credentials for https://storage.googleapis.com/chartmuseum.jenkins-x.io from vault helm/repos
Successfully added Helm repository storage.googleapis.com.
Adding missing Helm repo: jenkins-x-chartmuseum http://jenkins-x-chartmuseum:8080
WARNING: No secrets found on "helm/repos" due: reading the secret "helm/repos" from vault: no secret "helm/repos" not found in vault
Read credentials for http://jenkins-x-chartmuseum:8080 from vault helm/repos
Successfully added Helm repository jenkins-x-chartmuseum.
WARNING: No $CHART_REPOSITORY defined so using the default value of: http://jenkins-x-chartmuseum:8080
Adding missing Helm repo: chartmuseum.jenkins-x.io http://chartmuseum.jenkins-x.io
WARNING: No secrets found on "helm/repos" due: reading the secret "helm/repos" from vault: no secret "helm/repos" not found in vault
Read credentials for http://chartmuseum.jenkins-x.io from vault helm/repos
Successfully added Helm repository chartmuseum.jenkins-x.io.
