
Showing logs for build [32mcb-kubecd-environment-pr-205-69-ft5dt-1[0m stage [32mfrom-build-pack[0m and container [32mstep-credential-initializer-t4m4n[0m
{"level":"info","ts":1587299236.140665,"logger":"fallback-logger","caller":"logging/config.go:69","msg":"Fetch GitHub commit ID from kodata failed: open /var/run/ko/refs/heads/0.8.0-ns-support: no such file or directory"}
{"level":"info","ts":1587299236.1414282,"logger":"fallback-logger","caller":"creds-init/main.go:40","msg":"Credentials initialized."}

Showing logs for build [32mcb-kubecd-environment-pr-205-69-ft5dt-1[0m stage [32mfrom-build-pack[0m and container [32mstep-working-dir-initializer-499x7[0m
{"level":"info","ts":1587299237.1388273,"logger":"fallback-logger","caller":"logging/config.go:69","msg":"Fetch GitHub commit ID from kodata failed: open /var/run/ko/HEAD: no such file or directory"}
{"level":"info","ts":1587299237.140852,"logger":"fallback-logger","caller":"bash/main.go:64","msg":"Successfully executed command \"sh -c mkdir -p /workspace/source\"; output "}

Showing logs for build [32mcb-kubecd-environment-pr-205-69-ft5dt-1[0m stage [32mfrom-build-pack[0m and container [32mstep-place-tools[0m

Showing logs for build [32mcb-kubecd-environment-pr-205-69-ft5dt-1[0m stage [32mfrom-build-pack[0m and container [32mstep-git-source-cb-kubecd-environment-pr-205-69-ft5dt-8bpm4[0m
{"level":"info","ts":1587299242.212538,"logger":"fallback-logger","caller":"logging/config.go:69","msg":"Fetch GitHub commit ID from kodata failed: open /var/run/ko/refs/heads/0.8.0-ns-support: no such file or directory"}
{"level":"info","ts":1587299243.2237394,"logger":"fallback-logger","caller":"git/git.go:103","msg":"Successfully cloned https://github.com/cb-kubecd/environment-pr-205-69-boot-gke-staging.git @ master in path /workspace/source"}

Showing logs for build [32mcb-kubecd-environment-pr-205-69-ft5dt-1[0m stage [32mfrom-build-pack[0m and container [32mstep-git-merge[0m
Using SHAs from PULL_REFS=master:aab7c160ab0e8929c0ce4c972a6407e1051ae9fc,1:ac9273ab6d410b150ea5844b3fc1b035f691229d
DEBUG: LC_ALL=C JX_LOG_LEVEL=error git fetch origin --unshallow ac9273ab6d410b150ea5844b3fc1b035f691229d: aab7c160ab0e8929c0ce4c972a6407e1051ae9fc:
DEBUG: ran git fetch --unshallow origin ac9273ab6d410b150ea5844b3fc1b035f691229d: aab7c160ab0e8929c0ce4c972a6407e1051ae9fc: in 
DEBUG: LC_ALL=C JX_LOG_LEVEL=error git branch
DEBUG: JX_LOG_LEVEL=error LC_ALL=C git checkout master
DEBUG: ran git checkout master in 
DEBUG: LC_ALL=C JX_LOG_LEVEL=error git reset --hard aab7c160ab0e8929c0ce4c972a6407e1051ae9fc
DEBUG: ran git reset --hard aab7c160ab0e8929c0ce4c972a6407e1051ae9fc in 
DEBUG: LC_ALL=C JX_LOG_LEVEL=error git clean -fd .
DEBUG: ran clean --force -d . in 
DEBUG: LC_ALL=C JX_LOG_LEVEL=error git merge ac9273ab6d410b150ea5844b3fc1b035f691229d
DEBUG: ran git merge ac9273ab6d410b150ea5844b3fc1b035f691229d in 
DEBUG: LC_ALL=C JX_LOG_LEVEL=error git log --format=%H%x1f%an%x1f%ae%x1f%cn%x1f%ce%x1f%s%n%b%x1e aab7c160ab0e8929c0ce4c972a6407e1051ae9fc..HEAD
Merged SHA ac9273ab6d410b150ea5844b3fc1b035f691229d with commit message 'chore: Promote bdd-spring-1587298914 to version 0.0.1' into base branch master

Showing logs for build [32mcb-kubecd-environment-pr-205-69-ft5dt-1[0m stage [32mfrom-build-pack[0m and container [32mstep-build-helm-build[0m
WARNING: No $CHART_REPOSITORY defined so using the default value of: http://jenkins-x-chartmuseum:8080
Adding missing Helm repo: storage.googleapis.com https://storage.googleapis.com/chartmuseum.jenkins-x.io
WARNING: No secrets found on "helm/repos" due: reading the secret "helm/repos" from vault: no secret "helm/repos" not found in vault
Read credentials for https://storage.googleapis.com/chartmuseum.jenkins-x.io from vault helm/repos
Successfully added Helm repository storage.googleapis.com.
Adding missing Helm repo: jenkins-x-chartmuseum http://jenkins-x-chartmuseum:8080
WARNING: No secrets found on "helm/repos" due: reading the secret "helm/repos" from vault: no secret "helm/repos" not found in vault
Read credentials for http://jenkins-x-chartmuseum:8080 from vault helm/repos
Successfully added Helm repository jenkins-x-chartmuseum.
WARNING: No $CHART_REPOSITORY defined so using the default value of: http://jenkins-x-chartmuseum:8080
Adding missing Helm repo: chartmuseum.jenkins-x.io http://chartmuseum.jenkins-x.io
WARNING: No secrets found on "helm/repos" due: reading the secret "helm/repos" from vault: no secret "helm/repos" not found in vault
Read credentials for http://chartmuseum.jenkins-x.io from vault helm/repos
Successfully added Helm repository chartmuseum.jenkins-x.io.
