
Showing logs for build [32mcb-kubecd-environment-pr-205-69-q5w6l-1[0m stage [32mfrom-build-pack[0m and container [32mstep-credential-initializer-cnz8j[0m
{"level":"info","ts":1587304034.561124,"logger":"fallback-logger","caller":"logging/config.go:69","msg":"Fetch GitHub commit ID from kodata failed: open /var/run/ko/refs/heads/0.8.0-ns-support: no such file or directory"}
{"level":"info","ts":1587304034.5618975,"logger":"fallback-logger","caller":"creds-init/main.go:40","msg":"Credentials initialized."}

Showing logs for build [32mcb-kubecd-environment-pr-205-69-q5w6l-1[0m stage [32mfrom-build-pack[0m and container [32mstep-working-dir-initializer-4qk9w[0m
{"level":"info","ts":1587304035.3486457,"logger":"fallback-logger","caller":"logging/config.go:69","msg":"Fetch GitHub commit ID from kodata failed: open /var/run/ko/HEAD: no such file or directory"}
{"level":"info","ts":1587304035.3526661,"logger":"fallback-logger","caller":"bash/main.go:64","msg":"Successfully executed command \"sh -c mkdir -p /workspace/source\"; output "}

Showing logs for build [32mcb-kubecd-environment-pr-205-69-q5w6l-1[0m stage [32mfrom-build-pack[0m and container [32mstep-place-tools[0m

Showing logs for build [32mcb-kubecd-environment-pr-205-69-q5w6l-1[0m stage [32mfrom-build-pack[0m and container [32mstep-git-source-cb-kubecd-environment-pr-205-69-q5w6l-k749c[0m
{"level":"info","ts":1587304040.6234767,"logger":"fallback-logger","caller":"logging/config.go:69","msg":"Fetch GitHub commit ID from kodata failed: open /var/run/ko/refs/heads/0.8.0-ns-support: no such file or directory"}
{"level":"info","ts":1587304041.6530924,"logger":"fallback-logger","caller":"git/git.go:103","msg":"Successfully cloned https://github.com/cb-kubecd/environment-pr-205-69-boot-gke-staging.git @ master in path /workspace/source"}

Showing logs for build [32mcb-kubecd-environment-pr-205-69-q5w6l-1[0m stage [32mfrom-build-pack[0m and container [32mstep-git-merge[0m
Using SHAs from PULL_REFS=master:e0a4da218322241cdb6fe836d3c1000d1ab4d970,8:0038989dc46331a68a46e2a6aff449d67fe279dc
DEBUG: LC_ALL=C JX_LOG_LEVEL=error git fetch origin --unshallow 0038989dc46331a68a46e2a6aff449d67fe279dc: e0a4da218322241cdb6fe836d3c1000d1ab4d970:
DEBUG: ran git fetch --unshallow origin 0038989dc46331a68a46e2a6aff449d67fe279dc: e0a4da218322241cdb6fe836d3c1000d1ab4d970: in 
DEBUG: LC_ALL=C JX_LOG_LEVEL=error git branch
DEBUG: LC_ALL=C JX_LOG_LEVEL=error git checkout master
DEBUG: ran git checkout master in 
DEBUG: LC_ALL=C JX_LOG_LEVEL=error git reset --hard e0a4da218322241cdb6fe836d3c1000d1ab4d970
DEBUG: ran git reset --hard e0a4da218322241cdb6fe836d3c1000d1ab4d970 in 
DEBUG: LC_ALL=C JX_LOG_LEVEL=error git clean -fd .
DEBUG: ran clean --force -d . in 
DEBUG: LC_ALL=C JX_LOG_LEVEL=error git merge 0038989dc46331a68a46e2a6aff449d67fe279dc
DEBUG: ran git merge 0038989dc46331a68a46e2a6aff449d67fe279dc in 
DEBUG: LC_ALL=C JX_LOG_LEVEL=error git log --format=%H%x1f%an%x1f%ae%x1f%cn%x1f%ce%x1f%s%n%b%x1e e0a4da218322241cdb6fe836d3c1000d1ab4d970..HEAD
Merged SHA 0038989dc46331a68a46e2a6aff449d67fe279dc with commit message 'chore: Promote bdd-sbhg-import-1587302432 to version 0.0.1' into base branch master

Showing logs for build [32mcb-kubecd-environment-pr-205-69-q5w6l-1[0m stage [32mfrom-build-pack[0m and container [32mstep-build-helm-build[0m
WARNING: No $CHART_REPOSITORY defined so using the default value of: http://jenkins-x-chartmuseum:8080
Adding missing Helm repo: storage.googleapis.com https://storage.googleapis.com/chartmuseum.jenkins-x.io
WARNING: No secrets found on "helm/repos" due: reading the secret "helm/repos" from vault: no secret "helm/repos" not found in vault
Read credentials for https://storage.googleapis.com/chartmuseum.jenkins-x.io from vault helm/repos
Successfully added Helm repository storage.googleapis.com.
Adding missing Helm repo: jenkins-x-chartmuseum http://jenkins-x-chartmuseum:8080
WARNING: No secrets found on "helm/repos" due: reading the secret "helm/repos" from vault: no secret "helm/repos" not found in vault
Read credentials for http://jenkins-x-chartmuseum:8080 from vault helm/repos
Successfully added Helm repository jenkins-x-chartmuseum.
WARNING: No $CHART_REPOSITORY defined so using the default value of: http://jenkins-x-chartmuseum:8080
Adding missing Helm repo: chartmuseum.jenkins-x.io http://chartmuseum.jenkins-x.io
WARNING: No secrets found on "helm/repos" due: reading the secret "helm/repos" from vault: no secret "helm/repos" not found in vault
Read credentials for http://chartmuseum.jenkins-x.io from vault helm/repos
Successfully added Helm repository chartmuseum.jenkins-x.io.
